<?xml version="1.0" encoding="UTF-8"?>
<!-- Generated by org.testng.reporters.JUnitReportReporter -->
<testsuite hostname="LPTIN-3K8J8S3" failures="0" tests="1" name="Testngpackage.RobotTest" time="12.071" errors="0" timestamp="2024-01-08T12:48:37 IST" skipped="0">
  <testcase classname="Testngpackage.RobotTest" name="robotTest" time="12.071"/>
  <system-out/>
</testsuite> <!-- Testngpackage.RobotTest -->
