<?xml version="1.0" encoding="UTF-8"?>
<!-- Generated by org.testng.reporters.JUnitReportReporter -->
<testsuite hostname="LPTIN-3K8J8S3" failures="0" tests="2" name="ParameterPackage.DataproviderMethod" time="65.314" errors="0" timestamp="2023-12-07T17:24:34 IST" skipped="0">
  <testcase classname="ParameterPackage.DataproviderMethod" name="TestLogin" time="34.169"/>
  <system-out/>
  <testcase classname="ParameterPackage.DataproviderMethod" name="TestLogin" time="31.145"/>
  <system-out/>
</testsuite> <!-- ParameterPackage.DataproviderMethod -->
