<?xml version="1.0" encoding="UTF-8"?>
<!-- Generated by org.testng.reporters.JUnitReportReporter -->
<testsuite hostname="LPTIN-3K8J8S3" failures="0" tests="1" name="ParameterPackage.ParamterTest" time="27.831" errors="0" timestamp="2023-12-07T11:26:08 IST" skipped="0">
  <testcase classname="ParameterPackage.ParamterTest" name="YahoologinPage" time="27.831"/>
  <system-out/>
</testsuite> <!-- ParameterPackage.ParamterTest -->
