<?xml version="1.0" encoding="UTF-8"?>
<!-- Generated by org.testng.reporters.JUnitReportReporter -->
<testsuite hostname="LPTIN-3K8J8S3" failures="0" tests="3" name="ListnersDemo.ListnersDemo2" time="0.003" errors="0" timestamp="2024-01-05T20:25:10 IST" skipped="0">
  <testcase classname="ListnersDemo.ListnersDemo2" name="Test6" time="0.001"/>
  <system-out/>
  <testcase classname="ListnersDemo.ListnersDemo2" name="Test5" time="0.001"/>
  <system-out/>
  <testcase classname="ListnersDemo.ListnersDemo2" name="Test4" time="0.001"/>
  <system-out/>
</testsuite> <!-- ListnersDemo.ListnersDemo2 -->
