<?xml version="1.0" encoding="UTF-8"?>
<!-- Generated by org.testng.reporters.JUnitReportReporter -->
<testsuite hostname="LPTIN-3K8J8S3" failures="0" tests="1" name="TestCases.Test99GuruLogin" time="2.400" errors="0" timestamp="2024-01-03T19:31:50 IST" skipped="0">
  <testcase classname="TestCases.Test99GuruLogin" name="test_Home_Page_Appear_Correct" time="2.400"/>
  <system-out/>
</testsuite> <!-- TestCases.Test99GuruLogin -->
