<?xml version="1.0" encoding="UTF-8"?>
<!-- Generated by org.testng.reporters.JUnitReportReporter -->
<testsuite hostname="LPTIN-3K8J8S3" failures="0" tests="1" name="Testngpackage.Testngbasics" time="0.005" errors="0" timestamp="2023-12-05T19:03:02 IST" skipped="0">
  <testcase classname="Testngpackage.Testngbasics" name="GoogleTest" time="0.005"/>
  <system-out/>
</testsuite> <!-- Testngpackage.Testngbasics -->
