<?xml version="1.0" encoding="UTF-8"?>
<!-- Generated by org.testng.reporters.JUnitReportReporter -->
<testsuite hostname="LPTIN-3K8J8S3" failures="0" tests="3" name="ListnersDemo.ListnersDemo1" time="0.011" errors="0" timestamp="2024-01-05T20:25:10 IST" skipped="0">
  <testcase classname="ListnersDemo.ListnersDemo1" name="Test3" time="0.001"/>
  <system-out/>
  <testcase classname="ListnersDemo.ListnersDemo1" name="Test2" time="0.001"/>
  <system-out/>
  <testcase classname="ListnersDemo.ListnersDemo1" name="Test1" time="0.009"/>
  <system-out/>
</testsuite> <!-- ListnersDemo.ListnersDemo1 -->
