<?xml version="1.0" encoding="UTF-8"?>
<!-- Generated by org.testng.reporters.JUnitReportReporter -->
<testsuite hostname="LPTIN-3K8J8S3" failures="0" tests="3" name="Testngpackage.GoogleTest" time="29.794" errors="0" timestamp="2023-12-06T16:10:58 IST" skipped="0">
  <testcase classname="Testngpackage.GoogleTest" name="verify" time="7.481"/>
  <system-out/>
  <testcase classname="Testngpackage.GoogleTest" name="Logotest" time="5.563"/>
  <system-out/>
  <testcase classname="Testngpackage.GoogleTest" name="YoutubeTitle" time="16.750"/>
  <system-out/>
</testsuite> <!-- Testngpackage.GoogleTest -->
